TN:
SF:src/AlignmentVault.sol
FN:68,AlignmentVault.initialize
FNDA:266,AlignmentVault.initialize
DA:70,266
DA:72,266
DA:74,266
DA:76,266
DA:79,266
DA:81,266
BRDA:81,0,0,1
BRDA:81,0,1,265
DA:82,1
DA:85,265
DA:87,265
BRDA:87,1,0,1
BRDA:87,1,1,264
DA:89,264
DA:90,265
BRDA:90,2,0,263
BRDA:90,2,1,2
DA:91,263
DA:92,263
DA:93,263
DA:96,2
DA:100,264
BRDA:100,3,0,1
BRDA:100,3,1,263
DA:103,264
DA:104,264
BRDA:104,4,0,-
BRDA:104,4,1,1
DA:105,264
DA:107,264
DA:109,264
DA:111,264
DA:113,264
DA:114,264
FN:120,AlignmentVault.disableInitializers
FNDA:263,AlignmentVault.disableInitializers
DA:121,263
FN:127,AlignmentVault.renounceOwnership
FNDA:1,AlignmentVault.renounceOwnership
FN:133,AlignmentVault._estimateFloor
FNDA:9,AlignmentVault._estimateFloor
DA:135,9
DA:138,9
BRDA:138,5,0,1
BRDA:138,5,1,8
DA:139,1
DA:141,8
DA:143,9
FN:149,AlignmentVault._wrapEth
FNDA:20,AlignmentVault._wrapEth
DA:151,20
DA:152,20
BRDA:152,6,0,-
BRDA:152,6,1,10
FN:158,AlignmentVault._stakeLiquidity
FNDA:19,AlignmentVault._stakeLiquidity
DA:159,19
DA:160,19
BRDA:160,7,0,-
BRDA:160,7,1,14
FN:168,AlignmentVault.alignNfts
FNDA:5,AlignmentVault.alignNfts
DA:170,5
BRDA:170,8,0,1
BRDA:170,8,1,4
DA:172,4
DA:174,4
DA:176,4
DA:178,4
DA:180,4
BRDA:180,9,0,2
BRDA:180,9,1,2
DA:182,2
DA:184,2
DA:186,2
DA:188,2
DA:190,6
DA:191,6
DA:192,6
BRDA:192,10,0,-
BRDA:192,10,1,3
DA:193,3
DA:194,3
DA:196,6
DA:198,6
FN:207,AlignmentVault.alignTokens
FNDA:6,AlignmentVault.alignTokens
DA:209,6
DA:211,6
DA:213,6
BRDA:213,11,0,1
BRDA:213,11,1,5
DA:215,5
DA:217,5
BRDA:217,12,0,-
BRDA:217,12,1,4
DA:218,4
DA:223,5
FN:231,AlignmentVault.alignMaxLiquidity
FNDA:10,AlignmentVault.alignMaxLiquidity
DA:233,10
DA:235,10
DA:237,10
DA:240,10
DA:241,10
DA:243,10
BRDA:243,13,0,-
BRDA:243,13,1,2
DA:245,3
DA:248,3
DA:249,3
DA:251,3
DA:253,3
BRDA:253,14,0,-
BRDA:253,14,1,2
DA:255,2
DA:257,2
DA:258,2
DA:259,4
DA:260,4
DA:262,4
DA:266,2
DA:268,2
DA:273,10
DA:275,10
BRDA:275,15,0,-
BRDA:275,15,1,7
DA:276,7
DA:282,10
FN:289,AlignmentVault.claimYield
FNDA:4,AlignmentVault.claimYield
DA:291,4
DA:293,4
DA:295,4
DA:297,4
BRDA:297,16,0,2
BRDA:297,16,1,2
DA:299,2
BRDA:299,17,0,-
BRDA:299,17,1,1
DA:300,1
DA:302,1
DA:303,1
DA:305,1
DA:308,2
DA:312,2
FN:319,AlignmentVault.checkInventory
FNDA:2,AlignmentVault.checkInventory
DA:321,2
DA:323,2
DA:325,6
DA:344,6
FN:352,AlignmentVault.getInventory
FNDA:4,AlignmentVault.getInventory
DA:353,4
FN:366,AlignmentVault.rescueERC20
FNDA:5,AlignmentVault.rescueERC20
DA:368,5
BRDA:368,18,0,-
BRDA:368,18,1,-
DA:369,1
DA:370,1
DA:371,1
BRDA:371,19,0,-
BRDA:371,19,1,-
DA:372,1
DA:375,4
BRDA:375,20,0,-
BRDA:375,20,1,3
DA:376,3
DA:377,3
DA:382,1
BRDA:382,21,0,-
BRDA:382,21,1,1
DA:383,1
DA:386,1
DA:388,1
DA:389,1
FN:401,AlignmentVault.rescueERC721
FNDA:2,AlignmentVault.rescueERC721
DA:403,2
BRDA:403,22,0,1
BRDA:403,22,1,1
DA:405,1
FN:422,AlignmentVault.onERC721Received
FNDA:13,AlignmentVault.onERC721Received
DA:423,13
BRDA:423,23,0,12
BRDA:423,23,1,1
DA:424,1
DA:425,12
FNF:15
FNH:15
LF:115
LH:115
BRF:48
BRH:33
end_of_record
TN:
SF:src/AlignmentVaultFactory.sol
FN:35,AlignmentVaultFactory.updateImplementation
FNDA:2,AlignmentVaultFactory.updateImplementation
DA:36,2
BRDA:36,0,0,1
BRDA:36,0,1,1
DA:37,1
FN:46,AlignmentVaultFactory.deploy
FNDA:5,AlignmentVaultFactory.deploy
DA:47,5
DA:48,5
DA:49,5
DA:51,5
DA:52,5
FN:62,AlignmentVaultFactory.deployDeterministic
FNDA:257,AlignmentVaultFactory.deployDeterministic
DA:67,257
DA:68,257
DA:69,257
DA:71,257
DA:72,257
FN:80,AlignmentVaultFactory.initCodeHash
FNDA:1,AlignmentVaultFactory.initCodeHash
DA:81,1
FN:89,AlignmentVaultFactory.predictDeterministicAddress
FNDA:256,AlignmentVaultFactory.predictDeterministicAddress
DA:90,256
FNF:5
FNH:5
LF:14
LH:14
BRF:2
BRH:2
end_of_record
TN:
SF:test/TestingAlignmentVault.sol
FN:11,TestingAlignmentVault.call_estimateFloor
FNDA:2,TestingAlignmentVault.call_estimateFloor
DA:12,2
FN:15,TestingAlignmentVault.view_liqHelper
FNDA:6,TestingAlignmentVault.view_liqHelper
DA:16,6
FNF:2
FNH:2
LF:2
LH:2
BRF:0
BRH:0
end_of_record
