TN:
SF:src/AlignmentVault.sol
FN:62,AlignmentVault.initialize
FNDA:266,AlignmentVault.initialize
DA:64,266
DA:66,266
DA:68,266
DA:70,266
DA:73,266
DA:75,266
BRDA:75,0,0,1
BRDA:75,0,1,265
DA:76,1
DA:79,265
DA:81,265
BRDA:81,1,0,1
BRDA:81,1,1,264
DA:83,264
DA:84,265
BRDA:84,2,0,263
BRDA:84,2,1,2
DA:85,263
DA:86,263
DA:87,263
DA:90,2
DA:94,264
BRDA:94,3,0,1
BRDA:94,3,1,263
DA:97,264
DA:98,264
BRDA:98,4,0,-
BRDA:98,4,1,1
DA:99,264
DA:101,264
DA:103,264
DA:105,264
DA:107,264
DA:108,264
FN:112,AlignmentVault.disableInitializers
FNDA:263,AlignmentVault.disableInitializers
DA:113,263
FN:117,AlignmentVault.renounceOwnership
FNDA:1,AlignmentVault.renounceOwnership
FN:121,AlignmentVault._estimateFloor
FNDA:5,AlignmentVault._estimateFloor
DA:123,5
DA:125,5
DA:127,5
BRDA:127,5,0,1
BRDA:127,5,1,4
DA:128,1
DA:130,4
DA:132,5
FN:136,AlignmentVault.alignMaxLiquidity
FNDA:10,AlignmentVault.alignMaxLiquidity
DA:138,10
DA:140,10
DA:141,10
BRDA:141,6,0,-
BRDA:141,6,1,5
DA:143,10
DA:146,10
DA:147,10
DA:149,10
BRDA:149,7,0,-
BRDA:149,7,1,2
DA:151,3
DA:154,3
DA:155,3
DA:157,3
DA:159,3
BRDA:159,8,0,-
BRDA:159,8,1,2
DA:161,2
DA:163,2
DA:164,2
DA:165,4
DA:166,4
DA:168,4
DA:172,2
DA:174,2
DA:179,10
DA:181,10
BRDA:181,9,0,-
BRDA:181,9,1,7
DA:182,7
DA:188,10
DA:189,10
BRDA:189,10,0,-
BRDA:189,10,1,8
FN:193,AlignmentVault.claimYield
FNDA:4,AlignmentVault.claimYield
DA:195,4
DA:197,4
DA:199,4
DA:201,4
BRDA:201,11,0,2
BRDA:201,11,1,2
DA:203,2
BRDA:203,12,0,-
BRDA:203,12,1,1
DA:204,1
DA:206,1
DA:207,1
DA:209,1
DA:212,2
DA:217,2
DA:218,2
FN:222,AlignmentVault.checkInventory
FNDA:2,AlignmentVault.checkInventory
DA:224,2
DA:226,2
DA:228,6
DA:247,6
FN:253,AlignmentVault.rescueERC20
FNDA:5,AlignmentVault.rescueERC20
DA:255,5
BRDA:255,13,0,-
BRDA:255,13,1,-
DA:256,1
DA:257,1
DA:258,1
BRDA:258,14,0,-
BRDA:258,14,1,-
DA:259,1
DA:262,4
BRDA:262,15,0,-
BRDA:262,15,1,3
DA:263,3
DA:264,3
DA:269,1
BRDA:269,16,0,-
BRDA:269,16,1,1
DA:270,1
DA:273,1
DA:275,1
DA:276,1
FN:281,AlignmentVault.rescueERC721
FNDA:2,AlignmentVault.rescueERC721
DA:283,2
BRDA:283,17,0,1
BRDA:283,17,1,1
DA:285,1
FN:294,AlignmentVault.onERC721Received
FNDA:7,AlignmentVault.onERC721Received
DA:295,7
BRDA:295,18,0,6
BRDA:295,18,1,1
DA:296,1
DA:297,6
FNF:10
FNH:10
LF:90
LH:90
BRF:38
BRH:25
end_of_record
TN:
SF:src/AlignmentVaultFactory.sol
FN:32,AlignmentVaultFactory.updateImplementation
FNDA:2,AlignmentVaultFactory.updateImplementation
DA:33,2
BRDA:33,0,0,1
BRDA:33,0,1,1
DA:34,1
FN:38,AlignmentVaultFactory.deploy
FNDA:5,AlignmentVaultFactory.deploy
DA:39,5
DA:40,5
DA:41,5
DA:43,5
DA:44,5
FN:48,AlignmentVaultFactory.deployDeterministic
FNDA:257,AlignmentVaultFactory.deployDeterministic
DA:53,257
DA:54,257
DA:55,257
DA:57,257
DA:58,257
FN:63,AlignmentVaultFactory.initCodeHash
FNDA:1,AlignmentVaultFactory.initCodeHash
DA:64,1
FN:68,AlignmentVaultFactory.predictDeterministicAddress
FNDA:256,AlignmentVaultFactory.predictDeterministicAddress
DA:69,256
FNF:5
FNH:5
LF:14
LH:14
BRF:2
BRH:2
end_of_record
TN:
SF:test/TestingAlignmentVault.sol
FN:11,TestingAlignmentVault.call_estimateFloor
FNDA:2,TestingAlignmentVault.call_estimateFloor
DA:12,2
FN:15,TestingAlignmentVault.view_liqHelper
FNDA:6,TestingAlignmentVault.view_liqHelper
DA:16,6
FNF:2
FNH:2
LF:2
LH:2
BRF:0
BRH:0
end_of_record
